============================================================
  Generated by:           Genus(TM) Synthesis Solution 20.11-s111_1
  Generated on:           Jan 24 2024  06:34:50 pm
  Module:                 DADDA_16
  Operating conditions:   slow (balanced_tree)
  Wireload mode:          enclosed
  Area mode:              timing library
============================================================

Timing
-------
  Cost    Critical         Violating 
 Group   Path Slack  TNS     Paths   
-------------------------------------
default    No paths   0.0            
-------------------------------------
Total                 0.0          0 

Instance Count
--------------
Leaf Instance Count             583 
Physical Instance count           0 
Sequential Instance Count         0 
Combinational Instance Count    583 
Hierarchical Instance Count     267 

Area
----
Cell Area                          0.000
Physical Cell Area                 0.000
Total Cell Area (Cell+Physical)    0.000
Net Area                           0.000
Total Area (Cell+Physical+Net)     0.000

Max Fanout                         8 (d1/n_0)
Min Fanout                         0 (c_2[22])
Average Fanout                     1.5
Terms to net ratio                 2.4715
Terms to instance ratio            3.7221
Runtime                            73.91708499999999 seconds
Elapsed Runtime                    1171 seconds
Genus peak memory usage            1134.10 
Innovus peak memory usage          no_value 
Hostname                           vlsi37
